 Earth Radiation Model (ERM):   1

 YAML version:   1 (master branch)
 Empirical model is off but you are asking for empirical parameters to be estimated. Turning them off
 POD Tool mode: 2 :: Orbit Determination and Prediction
  
 Initial Conditions mode: 1 :: A-priori orbit input file: products/igs20010.sp3
  
 Success: End of products/tables/leap.second found,           28 values read
 Final entry in products/tables/leap.second is,         2017           1   37.000000000000000     
 Satellites number:                    32 IC Epoch:         2018           5          13   0.0000000000000000     
  
STATUS :220223:1343:14.3 POD/:  A priori SRP model =       1
STATUS :220223:1343:14.3 POD/:  SRP force model =       1
  
  PRN: G01, SVN:  63, BLK TYP: GPS-IIF, BLKID:   8, TX PWR: 240, MASS: 1633.000
 IC:    58251.000000000000        0.0000000000000000        22643795.085000001        13543687.888000000        4098419.4930000002        293.13466085866094        497.91393917053938       -3122.2764383857138
 Orbit Determination
 day of year        2018         133 G01  beta   41.136558745421908
 ECOM1 SRP MODEL IS ACTIVATED
Orbit residuals: ICRF
 RMS-XYZ ICRF FIT G01        0.0040        0.0026        0.0033
External Orbit comparison
Orbit comparison: ICRF
 RMS-RTN ICRF CMP G01        0.0135        0.0746        0.0261
 RMS-XYZ ICRF CMP G01        0.0312        0.0548        0.0495
Orbit comparison: ITRF
 RMS-XYZ ITRF CMP G01        0.0429        0.0463        0.0495
  
  
  PRN: G02, SVN:  61, BLK TYP: GPS-IIR-B, BLKID:   6, TX PWR:  60, MASS: 1080.000
 IC:    58251.000000000000        0.0000000000000000       -9116008.9019999988       -19734995.561000001        15984855.078000000        1704.1015997398645        907.08268418163061        2144.4803686011583
 Orbit Determination
 day of year        2018         133 G02  beta   38.195621598518237
 ECOM1 SRP MODEL IS ACTIVATED
Orbit residuals: ICRF
 RMS-XYZ ICRF FIT G02        0.0063        0.0079        0.0032
External Orbit comparison
Orbit comparison: ICRF
 RMS-RTN ICRF CMP G02        0.0167        0.0455        0.0095
 RMS-XYZ ICRF CMP G02        0.0264        0.0305        0.0286
Orbit comparison: ITRF
 RMS-XYZ ITRF CMP G02        0.0323        0.0241        0.0286
  
  
  PRN: G03, SVN:  69, BLK TYP: GPS-IIF, BLKID:   8, TX PWR: 240, MASS: 1633.000
 IC:    58251.000000000000        0.0000000000000000        13439581.719000001        9754955.0570000000        20723968.596999999       -392.69352469593287        2606.1482370793819       -965.19498189911246
 Orbit Determination
 day of year        2018         133 G03  beta   72.039137541950964
 ECOM1 SRP MODEL IS ACTIVATED
Orbit residuals: ICRF
 RMS-XYZ ICRF FIT G03        0.0035        0.0047        0.0036
External Orbit comparison
Orbit comparison: ICRF
 RMS-RTN ICRF CMP G03        0.0157        0.0777        0.0220
 RMS-XYZ ICRF CMP G03        0.0470        0.0371        0.0565
Orbit comparison: ITRF
 RMS-XYZ ITRF CMP G03        0.0258        0.0540        0.0565
  
  
  PRN: G04, SVN:  49, BLK TYP: GPS-IIR-M, BLKID:   7, TX PWR: 145, MASS: 1080.000
 IC:    58251.000000000000        0.0000000000000000       -8387966.5929999994        23912969.928999998        7190812.0609999998       -99.398971722461283       -976.87576761096716        3055.5269371913746
 Orbit Determination
 day of year        2018         133 G04  beta  -37.047972867224388
 ECOM1 SRP MODEL IS ACTIVATED
Orbit residuals: ICRF
 RMS-XYZ ICRF FIT G04        0.0092        0.0091        0.0054
External Orbit comparison
Orbit comparison: ICRF
 RMS-RTN ICRF CMP G04        0.0354        0.1710        0.0820
 RMS-XYZ ICRF CMP G04        0.1425        0.0883        0.0953
Orbit comparison: ITRF
 RMS-XYZ ITRF CMP G04        0.0956        0.1377        0.0953
  
  
  PRN: G05, SVN:  50, BLK TYP: GPS-IIR-M, BLKID:   7, TX PWR: 145, MASS: 1080.000
 IC:    58251.000000000000        0.0000000000000000       -3102082.1780000003       -25160365.580000002       -7652595.6020000000        409.90069549577311       -930.99780089035630        2953.1498814998195
 Orbit Determination
 day of year        2018         133 G05  beta   71.717316509229036
 ECOM1 SRP MODEL IS ACTIVATED
Orbit residuals: ICRF
 RMS-XYZ ICRF FIT G05        0.0053        0.0067        0.0036
External Orbit comparison
Orbit comparison: ICRF
 RMS-RTN ICRF CMP G05        0.0105        0.0159        0.0259
 RMS-XYZ ICRF CMP G05        0.0196        0.0134        0.0218
Orbit comparison: ITRF
 RMS-XYZ ITRF CMP G05        0.0129        0.0199        0.0218
  
  
  PRN: G06, SVN:  67, BLK TYP: GPS-IIF, BLKID:   8, TX PWR: 240, MASS: 1633.000
 IC:    58251.000000000000        0.0000000000000000        5045764.9760000007       -14650692.607000001        21601812.101999998        2222.7442686473951        1589.3856061864644        562.39124675467610
 Orbit Determination
 day of year        2018         133 G06  beta   40.747424946335904
 ECOM1 SRP MODEL IS ACTIVATED
Orbit residuals: ICRF
 RMS-XYZ ICRF FIT G06        0.0035        0.0028        0.0022
External Orbit comparison
Orbit comparison: ICRF
 RMS-RTN ICRF CMP G06        0.0156        0.1767        0.0123
 RMS-XYZ ICRF CMP G06        0.0811        0.1235        0.0989
Orbit comparison: ITRF
 RMS-XYZ ITRF CMP G06        0.1142        0.0940        0.0988
  
  
  PRN: G07, SVN:  48, BLK TYP: GPS-IIR-M, BLKID:   7, TX PWR: 145, MASS: 1080.000
 IC:    58251.000000000000        0.0000000000000000        20602695.608999997        1061164.2549999999       -16764018.757999998        1603.9197135344148        1444.7814181889407        1991.5741679575294
 Orbit Determination
 day of year        2018         133 G07  beta  -17.683090309897498
 ECOM1 SRP MODEL IS ACTIVATED
Orbit residuals: ICRF
 RMS-XYZ ICRF FIT G07        0.0058        0.0063        0.0042
External Orbit comparison
Orbit comparison: ICRF
 RMS-RTN ICRF CMP G07        0.0145        0.0896        0.0080
 RMS-XYZ ICRF CMP G07        0.0326        0.0681        0.0509
Orbit comparison: ITRF
 RMS-XYZ ITRF CMP G07        0.0510        0.0557        0.0510
  
  
  PRN: G08, SVN:  72, BLK TYP: GPS-IIF, BLKID:   8, TX PWR: 240, MASS: 1633.000
 IC:    58251.000000000000        0.0000000000000000        14610621.200999999        8785211.0759999994       -20356584.827999998       -2329.9872232638299        1132.2669077645987       -1166.2627087607980
 Orbit Determination
 day of year        2018         133 G08  beta  -7.4695507056119030
 eclipsing satellite G08, reduced stepsize of          100  chosen
 ECOM1 SRP MODEL IS ACTIVATED
Orbit residuals: ICRF
 RMS-XYZ ICRF FIT G08        0.0037        0.0043        0.0038
External Orbit comparison
Orbit comparison: ICRF
 RMS-RTN ICRF CMP G08        0.0062        0.0848        0.0115
 RMS-XYZ ICRF CMP G08        0.0564        0.0425        0.0489
Orbit comparison: ITRF
 RMS-XYZ ITRF CMP G08        0.0449        0.0545        0.0488
  
  
  PRN: G09, SVN:  68, BLK TYP: GPS-IIF, BLKID:   8, TX PWR: 240, MASS: 1633.000
 IC:    58251.000000000000        0.0000000000000000        25049188.186999999       -7378555.7209999999        4860336.7340000002       -446.10916611924767        525.14157213922590        3076.8679493684322
 Orbit Determination
 day of year        2018         133 G09  beta   29.115388798058678
 ECOM1 SRP MODEL IS ACTIVATED
Orbit residuals: ICRF
 RMS-XYZ ICRF FIT G09        0.0015        0.0032        0.0022
External Orbit comparison
Orbit comparison: ICRF
 RMS-RTN ICRF CMP G09        0.0167        0.1673        0.0123
 RMS-XYZ ICRF CMP G09        0.1082        0.0771        0.1037
Orbit comparison: ITRF
 RMS-XYZ ITRF CMP G09        0.1028        0.0841        0.1038
  
  
  PRN: G10, SVN:  73, BLK TYP: GPS-IIF, BLKID:   8, TX PWR: 240, MASS: 1633.000
 IC:    58251.000000000000        0.0000000000000000       -11023525.459000001        20689177.283000000       -12289484.667000001       -64.739189919084311       -1591.1126081719995       -2626.7837049234658
 Orbit Determination
 day of year        2018         133 G10  beta   72.112801956762880
 ECOM1 SRP MODEL IS ACTIVATED
Orbit residuals: ICRF
 RMS-XYZ ICRF FIT G10        0.0027        0.0041        0.0033
External Orbit comparison
Orbit comparison: ICRF
 RMS-RTN ICRF CMP G10        0.0132        0.0295        0.0350
 RMS-XYZ ICRF CMP G10        0.0226        0.0362        0.0212
Orbit comparison: ITRF
 RMS-XYZ ITRF CMP G10        0.0270        0.0331        0.0212
  
  
  PRN: G11, SVN:  46, BLK TYP: GPS-IIR-A, BLKID:   5, TX PWR:  60, MASS: 1080.000
 IC:    58251.000000000000        0.0000000000000000        24026808.528000001        9897378.9840000011       -5639909.0029999996       -738.64365196228027        289.63237793184817       -2944.9521201821044
 Orbit Determination
 day of year        2018         133 G11  beta   21.546838759013141
 ECOM1 SRP MODEL IS ACTIVATED
Orbit residuals: ICRF
 RMS-XYZ ICRF FIT G11        0.0035        0.0026        0.0030
External Orbit comparison
Orbit comparison: ICRF
 RMS-RTN ICRF CMP G11        0.0229        0.0573        0.0319
 RMS-XYZ ICRF CMP G11        0.0282        0.0474        0.0422
Orbit comparison: ITRF
 RMS-XYZ ITRF CMP G11        0.0503        0.0227        0.0421
  
  
  PRN: G12, SVN:  58, BLK TYP: GPS-IIR-M, BLKID:   7, TX PWR: 145, MASS: 1080.000
 IC:    58251.000000000000        0.0000000000000000       -10863237.472000001       -13693047.516000001        19868444.014000002        537.65931536443532       -2496.3527704309672       -1393.9658471271396
 Orbit Determination
 day of year        2018         133 G12  beta  -37.118337375658307
 ECOM1 SRP MODEL IS ACTIVATED
Orbit residuals: ICRF
 RMS-XYZ ICRF FIT G12        0.0073        0.0083        0.0055
External Orbit comparison
Orbit comparison: ICRF
 RMS-RTN ICRF CMP G12        0.0181        0.1167        0.0152
 RMS-XYZ ICRF CMP G12        0.0811        0.0532        0.0690
Orbit comparison: ITRF
 RMS-XYZ ITRF CMP G12        0.0754        0.0611        0.0690
  
  
  PRN: G13, SVN:  43, BLK TYP: GPS-IIR-A, BLKID:   5, TX PWR:  60, MASS: 1080.000
 IC:    58251.000000000000        0.0000000000000000       -4798525.7879999997       -14312786.223999999       -21963275.108000003        2644.8445605309680       -787.88926257565618       -65.183619491755962
 Orbit Determination
 day of year        2018         133 G13  beta   22.887930931532086
 ECOM1 SRP MODEL IS ACTIVATED
Orbit residuals: ICRF
 RMS-XYZ ICRF FIT G13        0.0066        0.0077        0.0049
External Orbit comparison
Orbit comparison: ICRF
 RMS-RTN ICRF CMP G13        0.0111        0.0459        0.0262
 RMS-XYZ ICRF CMP G13        0.0359        0.0114        0.0386
Orbit comparison: ITRF
 RMS-XYZ ITRF CMP G13        0.0285        0.0247        0.0386
  
  
  PRN: G14, SVN:  41, BLK TYP: GPS-IIR-A, BLKID:   5, TX PWR:  60, MASS: 1080.000
 IC:    58251.000000000000        0.0000000000000000       -9724211.4290000014        16832330.995000001        18312944.989999998       -2200.7741842903197        587.53466000035405       -1753.7520174756646
 Orbit Determination
 day of year        2018         133 G14  beta   24.892071913450163
 ECOM1 SRP MODEL IS ACTIVATED
Orbit residuals: ICRF
 RMS-XYZ ICRF FIT G14        0.0068        0.0074        0.0043
External Orbit comparison
Orbit comparison: ICRF
 RMS-RTN ICRF CMP G14        0.0233        0.0362        0.0236
 RMS-XYZ ICRF CMP G14        0.0287        0.0189        0.0351
Orbit comparison: ITRF
 RMS-XYZ ITRF CMP G14        0.0248        0.0238        0.0351
  
  
  PRN: G15, SVN:  55, BLK TYP: GPS-IIR-M, BLKID:   7, TX PWR: 145, MASS: 1080.000
 IC:    58251.000000000000        0.0000000000000000       -16569370.105999999       -7769721.4430000000       -19582229.229000002        2093.2990911211818       -1263.5444996189326       -1245.3779269680381
 Orbit Determination
 day of year        2018         133 G15  beta   32.393463334913704
 ECOM1 SRP MODEL IS ACTIVATED
Orbit residuals: ICRF
 RMS-XYZ ICRF FIT G15        0.0077        0.0080        0.0052
External Orbit comparison
Orbit comparison: ICRF
 RMS-RTN ICRF CMP G15        0.0240        0.1734        0.0292
 RMS-XYZ ICRF CMP G15        0.1191        0.0626        0.1157
Orbit comparison: ITRF
 RMS-XYZ ITRF CMP G15        0.1019        0.0878        0.1158
  
  
  PRN: G16, SVN:  56, BLK TYP: GPS-IIR-A, BLKID:   5, TX PWR:  60, MASS: 1080.000
 IC:    58251.000000000000        0.0000000000000000        174086.45600000001        25207015.125999998       -7801964.3969999999       -405.62872365856310        916.07343184202909        3050.8217371245846
 Orbit Determination
 day of year        2018         133 G16  beta  -36.926516243284567
 ECOM1 SRP MODEL IS ACTIVATED
Orbit residuals: ICRF
 RMS-XYZ ICRF FIT G16        0.0089        0.0098        0.0062
External Orbit comparison
Orbit comparison: ICRF
 RMS-RTN ICRF CMP G16        0.0247        0.0568        0.0263
 RMS-XYZ ICRF CMP G16        0.0346        0.0290        0.0499
Orbit comparison: ITRF
 RMS-XYZ ITRF CMP G16        0.0401        0.0208        0.0499
  
  
  PRN: G17, SVN:  53, BLK TYP: GPS-IIR-M, BLKID:   7, TX PWR: 145, MASS: 1080.000
 IC:    58251.000000000000        0.0000000000000000        18156773.037999999       -15355228.790999999        12084489.561000001        1444.2102812118828       -349.82461386732757       -2712.3545227665454
 Orbit Determination
 day of year        2018         133 G17  beta  -5.1957423266049165
 eclipsing satellite G17, reduced stepsize of          100  chosen
 ECOM1 SRP MODEL IS ACTIVATED
Orbit residuals: ICRF
 RMS-XYZ ICRF FIT G17        0.0041        0.0067        0.0036
External Orbit comparison
Orbit comparison: ICRF
 RMS-RTN ICRF CMP G17        0.0213        0.0699        0.0185
 RMS-XYZ ICRF CMP G17        0.0458        0.0352        0.0484
Orbit comparison: ITRF
 RMS-XYZ ITRF CMP G17        0.0296        0.0496        0.0484
  
  
  PRN: G18, SVN:  34, BLK TYP: GPS-IIA, BLKID:   3, TX PWR:  50, MASS:  930.000
 IC:    58251.000000000000        0.0000000000000000        19530515.424000002        17587330.827000003       -4921877.5859999992       -630.18322467803955       -80.342970918864012       -3056.6616947380826
 Orbit Determination
 day of year        2018         133 G18  beta   38.838661892448400
 ECOM1 SRP MODEL IS ACTIVATED
Orbit residuals: ICRF
 RMS-XYZ ICRF FIT G18        0.0046        0.0040        0.0036
External Orbit comparison
Orbit comparison: ICRF
 RMS-RTN ICRF CMP G18        0.0047        0.0211        0.0200
 RMS-XYZ ICRF CMP G18        0.0227        0.0128        0.0138
Orbit comparison: ITRF
 RMS-XYZ ITRF CMP G18        0.0201        0.0166        0.0138
  
  
  PRN: G19, SVN:  59, BLK TYP: GPS-IIR-B, BLKID:   6, TX PWR:  60, MASS: 1080.000
 IC:    58251.000000000000        0.0000000000000000        12676468.706000000       -15923151.030000001        16873317.083999999        2125.4252488240600       -534.61599229648709       -2047.7970497421920
 Orbit Determination
 day of year        2018         133 G19  beta  -3.1106191853242318
 eclipsing satellite G19, reduced stepsize of          100  chosen
 ECOM1 SRP MODEL IS ACTIVATED
Orbit residuals: ICRF
 RMS-XYZ ICRF FIT G19        0.0033        0.0064        0.0049
External Orbit comparison
Orbit comparison: ICRF
 RMS-RTN ICRF CMP G19        0.0187        0.1383        0.0294
 RMS-XYZ ICRF CMP G19        0.1039        0.0645        0.0734
Orbit comparison: ITRF
 RMS-XYZ ITRF CMP G19        0.1059        0.0612        0.0734
  
  
  PRN: G20, SVN:  51, BLK TYP: GPS-IIR-A, BLKID:   5, TX PWR:  60, MASS: 1080.000
 IC:    58251.000000000000        0.0000000000000000       -15860293.442000000        3653986.3070000000       -21128129.307000000       -33.995049312710762       -2664.5474718743935       -445.72014305368066
 Orbit Determination
 day of year        2018         133 G20  beta   71.440563150147398
 ECOM1 SRP MODEL IS ACTIVATED
Orbit residuals: ICRF
 RMS-XYZ ICRF FIT G20        0.0046        0.0055        0.0032
External Orbit comparison
Orbit comparison: ICRF
 RMS-RTN ICRF CMP G20        0.0078        0.0314        0.0372
 RMS-XYZ ICRF CMP G20        0.0263        0.0347        0.0230
Orbit comparison: ITRF
 RMS-XYZ ITRF CMP G20        0.0337        0.0276        0.0230
  
  
  PRN: G21, SVN:  45, BLK TYP: GPS-IIR-A, BLKID:   5, TX PWR:  60, MASS: 1080.000
 IC:    58251.000000000000        0.0000000000000000       -18562732.848000001        3177576.7200000002       -17926007.978000000       -1920.2103260494769       -1529.5774468001910        1646.3248205520213
 Orbit Determination
 day of year        2018         133 G21  beta   38.487041004575190
 ECOM1 SRP MODEL IS ACTIVATED
Orbit residuals: ICRF
 RMS-XYZ ICRF FIT G21        0.0070        0.0081        0.0045
External Orbit comparison
Orbit comparison: ICRF
 RMS-RTN ICRF CMP G21        0.0163        0.0860        0.0158
 RMS-XYZ ICRF CMP G21        0.0353        0.0659        0.0481
Orbit comparison: ITRF
 RMS-XYZ ITRF CMP G21        0.0552        0.0504        0.0481
  
  
  PRN: G22, SVN:  47, BLK TYP: GPS-IIR-B, BLKID:   6, TX PWR:  60, MASS: 1080.000
 IC:    58251.000000000000        0.0000000000000000        11192868.977000000        18036636.460000001        16217508.491000000       -367.77065661177039        2007.2244507484138       -2007.9660679493099
 Orbit Determination
 day of year        2018         133 G22  beta   70.929440111531946
 ECOM1 SRP MODEL IS ACTIVATED
Orbit residuals: ICRF
 RMS-XYZ ICRF FIT G22        0.0060        0.0069        0.0047
External Orbit comparison
Orbit comparison: ICRF
 RMS-RTN ICRF CMP G22        0.0057        0.0283        0.0303
 RMS-XYZ ICRF CMP G22        0.0212        0.0164        0.0322
Orbit comparison: ITRF
 RMS-XYZ ITRF CMP G22        0.0225        0.0145        0.0322
  
  
  PRN: G23, SVN:  60, BLK TYP: GPS-IIR-B, BLKID:   6, TX PWR:  60, MASS: 1080.000
 IC:    58251.000000000000        0.0000000000000000        21484652.921000000        3002454.2259999998        15894071.666999999       -1704.9515393674374        973.47733318479732        2117.2913023550063
 Orbit Determination
 day of year        2018         133 G23  beta   29.205128153394959
 ECOM1 SRP MODEL IS ACTIVATED
Orbit residuals: ICRF
 RMS-XYZ ICRF FIT G23        0.0069        0.0078        0.0044
External Orbit comparison
Orbit comparison: ICRF
 RMS-RTN ICRF CMP G23        0.0104        0.1230        0.0373
 RMS-XYZ ICRF CMP G23        0.0895        0.0441        0.0816
Orbit comparison: ITRF
 RMS-XYZ ITRF CMP G23        0.0716        0.0695        0.0817
  
  
  PRN: G24, SVN:  65, BLK TYP: GPS-IIF, BLKID:   8, TX PWR: 240, MASS: 1633.000
 IC:    58251.000000000000        0.0000000000000000       -22209076.979000002       -14843906.113000000        351391.90200000000        130.23776398971677       -294.65813208371401       -3114.3848742536502
 Orbit Determination
 day of year        2018         133 G24  beta  -14.899398740844299
 ECOM1 SRP MODEL IS ACTIVATED
Orbit residuals: ICRF
 RMS-XYZ ICRF FIT G24        0.0038        0.0030        0.0036
External Orbit comparison
Orbit comparison: ICRF
 RMS-RTN ICRF CMP G24        0.0333        0.2029        0.0199
 RMS-XYZ ICRF CMP G24        0.0730        0.1532        0.1177
Orbit comparison: ITRF
 RMS-XYZ ITRF CMP G24        0.0558        0.1602        0.1178
  
  
  PRN: G25, SVN:  62, BLK TYP: GPS-IIF, BLKID:   8, TX PWR: 240, MASS: 1633.000
 IC:    58251.000000000000        0.0000000000000000       -15020969.518999999        1874227.2640000002        21619819.539000001        289.83854589983821       -2772.6021007169038        461.21506589278579
 Orbit Determination
 day of year        2018         133 G25  beta  -36.979498582458540
 ECOM1 SRP MODEL IS ACTIVATED
Orbit residuals: ICRF
 RMS-XYZ ICRF FIT G25        0.0032        0.0040        0.0026
External Orbit comparison
Orbit comparison: ICRF
 RMS-RTN ICRF CMP G25        0.0099        0.0462        0.0111
 RMS-XYZ ICRF CMP G25        0.0277        0.0267        0.0296
Orbit comparison: ITRF
 RMS-XYZ ITRF CMP G25        0.0325        0.0206        0.0296
  
  
  PRN: G26, SVN:  71, BLK TYP: GPS-IIF, BLKID:   8, TX PWR: 240, MASS: 1633.000
 IC:    58251.000000000000        0.0000000000000000       -4903827.7549999999        25818154.589000002        3300844.9220000003       -263.57359681557864       -450.46407421678305        3135.7094319472089
 Orbit Determination
 day of year        2018         133 G26  beta  -36.086797840287133
 ECOM1 SRP MODEL IS ACTIVATED
Orbit residuals: ICRF
 RMS-XYZ ICRF FIT G26        0.0035        0.0046        0.0038
External Orbit comparison
Orbit comparison: ICRF
 RMS-RTN ICRF CMP G26        0.0154        0.0931        0.0178
 RMS-XYZ ICRF CMP G26        0.0628        0.0529        0.0497
Orbit comparison: ITRF
 RMS-XYZ ITRF CMP G26        0.0458        0.0682        0.0497
  
  
  PRN: G27, SVN:  66, BLK TYP: GPS-IIF, BLKID:   8, TX PWR: 240, MASS: 1633.000
 IC:    58251.000000000000        0.0000000000000000        1040916.2630000000        15444498.365000000       -21623622.320999999       -2522.6522080015857        1036.4681704770774        646.25361090898514
 Orbit Determination
 day of year        2018         133 G27  beta  -7.3426977107955675
 eclipsing satellite G27, reduced stepsize of          100  chosen
 ECOM1 SRP MODEL IS ACTIVATED
Orbit residuals: ICRF
 RMS-XYZ ICRF FIT G27        0.0042        0.0041        0.0037
External Orbit comparison
Orbit comparison: ICRF
 RMS-RTN ICRF CMP G27        0.0162        0.1949        0.0191
 RMS-XYZ ICRF CMP G27        0.1310        0.1013        0.1058
Orbit comparison: ITRF
 RMS-XYZ ITRF CMP G27        0.1142        0.1200        0.1057
  
  
  PRN: G28, SVN:  44, BLK TYP: GPS-IIR-A, BLKID:   5, TX PWR:  60, MASS: 1080.000
 IC:    58251.000000000000        0.0000000000000000        13085612.166999999       -18054879.063999999       -13844155.870000001       -206.15235535800457        1854.7475611120462       -2498.6146165691316
 Orbit Determination
 day of year        2018         133 G28  beta  -36.809051625141130
 ECOM1 SRP MODEL IS ACTIVATED
Orbit residuals: ICRF
 RMS-XYZ ICRF FIT G28        0.0057        0.0080        0.0043
External Orbit comparison
Orbit comparison: ICRF
 RMS-RTN ICRF CMP G28        0.0092        0.0465        0.0470
 RMS-XYZ ICRF CMP G28        0.0399        0.0530        0.0074
Orbit comparison: ITRF
 RMS-XYZ ITRF CMP G28        0.0535        0.0391        0.0074
  
  
  PRN: G29, SVN:  57, BLK TYP: GPS-IIR-M, BLKID:   7, TX PWR: 145, MASS: 1080.000
 IC:    58251.000000000000        0.0000000000000000       -25176180.899999999        3749416.7020000000        7535467.1600000001        834.24043285474181       -509.72037222236395        3034.5090309651569
 Orbit Determination
 day of year        2018         133 G29  beta  -4.7744704741448905
 eclipsing satellite G29, reduced stepsize of          100  chosen
 ECOM1 SRP MODEL IS ACTIVATED
Orbit residuals: ICRF
 RMS-XYZ ICRF FIT G29        0.0056        0.0045        0.0043
External Orbit comparison
Orbit comparison: ICRF
 RMS-RTN ICRF CMP G29        0.0183        0.1519        0.0243
 RMS-XYZ ICRF CMP G29        0.0903        0.0923        0.0856
Orbit comparison: ITRF
 RMS-XYZ ITRF CMP G29        0.0873        0.0952        0.0856
  
  
  PRN: G30, SVN:  64, BLK TYP: GPS-IIF, BLKID:   8, TX PWR: 240, MASS: 1633.000
 IC:    58251.000000000000        0.0000000000000000        14263531.536000000       -7899212.0839999998       -20987469.467000000        2012.5565207339823        1754.6228343527764        690.90550286322832
 Orbit Determination
 day of year        2018         133 G30  beta  -18.372992446525998
 ECOM1 SRP MODEL IS ACTIVATED
Orbit residuals: ICRF
 RMS-XYZ ICRF FIT G30        0.0033        0.0031        0.0032
External Orbit comparison
Orbit comparison: ICRF
 RMS-RTN ICRF CMP G30        0.0190        0.1722        0.0093
 RMS-XYZ ICRF CMP G30        0.0640        0.1267        0.0998
Orbit comparison: ITRF
 RMS-XYZ ITRF CMP G30        0.1021        0.0985        0.0999
  
  
  PRN: G31, SVN:  52, BLK TYP: GPS-IIR-M, BLKID:   7, TX PWR: 145, MASS: 1080.000
 IC:    58251.000000000000        0.0000000000000000       -4162480.6429999997        15461374.430000000        21156082.286000002       -2156.3463737857528       -1602.2771802116185        789.02901208773255
 Orbit Determination
 day of year        2018         133 G31  beta  -18.308278808315013
 ECOM1 SRP MODEL IS ACTIVATED
Orbit residuals: ICRF
 RMS-XYZ ICRF FIT G31        0.0069        0.0063        0.0051
External Orbit comparison
Orbit comparison: ICRF
 RMS-RTN ICRF CMP G31        0.0211        0.0599        0.0122
 RMS-XYZ ICRF CMP G31        0.0325        0.0366        0.0422
Orbit comparison: ITRF
 RMS-XYZ ITRF CMP G31        0.0450        0.0193        0.0422
  
  
  PRN: G32, SVN:  70, BLK TYP: GPS-IIF, BLKID:   8, TX PWR: 240, MASS: 1633.000
 IC:    58251.000000000000        0.0000000000000000       -18288078.440000001        16107777.598000001        10493356.900999999       -1323.7332868166268        295.74464511498809       -2778.4265973623842
 Orbit Determination
 day of year        2018         133 G32  beta   28.875933088004839
 ECOM1 SRP MODEL IS ACTIVATED
Orbit residuals: ICRF
 RMS-XYZ ICRF FIT G32        0.0029        0.0049        0.0037
External Orbit comparison
Orbit comparison: ICRF
 RMS-RTN ICRF CMP G32        0.0104        0.0731        0.0247
 RMS-XYZ ICRF CMP G32        0.0551        0.0273        0.0476
Orbit comparison: ITRF
 RMS-XYZ ITRF CMP G32        0.0430        0.0440        0.0476
  
  
 CPU Time (sec)   286.59283699999997     
