 Earth Radiation Model (ERM):   1

 YAML version:   1 (master branch)
 Empirical model is off but you are asking for empirical parameters to be estimated. Turning them off
 POD Tool mode: 4 :: Orbit Integration and Partials from initial conditions file
  
 Initial Conditions mode: 2 :: Initial Conditions input file: products/orb_partials/gag20624_orbits_partials.out.ecom2_pea
  
 Success: End of products/tables/leap.second found,           28 values read
 Final entry in products/tables/leap.second is,         2017           1   37.000000000000000     
 WARNING - PRN: G04 set UNHEALTHY by PEA
 Satellites number:                    32 IC Epoch:         2019           7          18   0.0000000000000000     
  
STATUS :220223:1343:52.8 POD/:  A priori SRP model =       1
STATUS :220223:1343:52.8 POD/:  SRP force model =       2
  
  PRN: G01, SVN:  63, BLK TYP: GPS-IIF, BLKID:   8, TX PWR: 240, MASS: 1633.000
 Zo   58682.000000000000        0.0000000000000000        14226165.535956513        20021922.734854087       -9875597.2053173799       -1254.2766891020451        2274.3003266646274        2891.6623320139997        1.0579865916659674        6.7691004803552588E-005  -5.4338350804146425E-003  -2.3344459476977338E-002   6.0793666980937886E-004   2.4929169079701968E-002  -1.3609115148775948E-002  -3.4963241007821687E-002  -3.9319723496260943E-002
 Orbit Propagation
 day of year        2019         199 G01  beta  -21.057049117429791
 ECOM2 SRP MODEL IS ACTIVATED
Orbit residuals: ICRF
 RMS-XYZ ICRF FIT G01        0.0000        0.0000        0.0000
External Orbit comparison
Orbit comparison: ICRF
 RMS-RTN ICRF CMP G01        0.0215        0.0216        0.0218
 RMS-XYZ ICRF CMP G01        0.0195        0.0255        0.0193
Orbit comparison: ITRF
 RMS-XYZ ITRF CMP G01        0.0158        0.0279        0.0193
  
  
  PRN: G02, SVN:  61, BLK TYP: GPS-IIR-B, BLKID:   6, TX PWR:  60, MASS: 1080.000
 Zo   58682.000000000000        0.0000000000000000       -3162645.9164733221       -24201903.043909803       -9686770.7227170337        2560.8240874787134        865.19183571690144       -2836.5054423694423        1.0024529574190160        8.3273790547434747E-004   1.3757492513360812E-003  -2.0788910454458437E-002  -2.0136864132196085E-003   3.6742324777991053E-002  -1.3345252509551779E-003  -4.5068573087902575E-002   3.9224494632117846E-003
 Orbit Propagation
 day of year        2019         199 G02  beta  -22.344309913409976
 ECOM2 SRP MODEL IS ACTIVATED
Orbit residuals: ICRF
 RMS-XYZ ICRF FIT G02        0.0000        0.0000        0.0000
External Orbit comparison
Orbit comparison: ICRF
 RMS-RTN ICRF CMP G02        0.0150        0.0299        0.0292
 RMS-XYZ ICRF CMP G02        0.0241        0.0231        0.0293
Orbit comparison: ITRF
 RMS-XYZ ITRF CMP G02        0.0221        0.0250        0.0293
  
  
  PRN: G03, SVN:  69, BLK TYP: GPS-IIF, BLKID:   8, TX PWR: 240, MASS: 1633.000
 Zo   58682.000000000000        0.0000000000000000        11200725.184080295        10203712.570073875       -21859528.131082714       -2525.6670024205282        2929.0661016989570        82.033800367702241        1.0504766678641957        5.3251099404556595E-004  -5.4325201925308408E-003  -1.4317459699721745E-003  -9.2140382088730759E-003  -1.1887769238825906E-002   1.9538084638957454E-002  -2.3668525384105327E-002   2.4414691245210934E-002
 Orbit Propagation
 day of year        2019         199 G03  beta   22.320842388724678
 ECOM2 SRP MODEL IS ACTIVATED
Orbit residuals: ICRF
 RMS-XYZ ICRF FIT G03        0.0000        0.0000        0.0000
External Orbit comparison
Orbit comparison: ICRF
 RMS-RTN ICRF CMP G03        0.0209        0.0222        0.0147
 RMS-XYZ ICRF CMP G03        0.0223        0.0195        0.0164
Orbit comparison: ITRF
 RMS-XYZ ITRF CMP G03        0.0241        0.0172        0.0163
  
  
  PRN: G04, SVN:  36, BLK TYP: GPS-IIA, BLKID:   3, TX PWR:  50, MASS:  930.000
 Zo   58682.000000000000        0.0000000000000000       -7200726.1719327709        14271093.299488194        21001977.919639904       -3757.5246087945729       -760.30384815357252       -706.87266942152735       0.98014757984982048        2.8386178773726307E-002  -9.2581504553361296E-002  -8.3094444300978273E-002   3.7338444824427529E-003   1.0225358893127597E-002  -7.6848138796634186E-002  -1.6569105791956846E-003  -1.9382911544423237E-004
 Orbit Propagation
 day of year        2019         199 G04  beta  -29.765779827592091
 ECOM2 SRP MODEL IS ACTIVATED
Orbit residuals: ICRF
 RMS-XYZ ICRF FIT G04        0.0000        0.0000        0.0000
External Orbit comparison
Orbit comparison: ICRF
 RMS-RTN ICRF CMP G04        0.0045        0.0028        0.0073
 RMS-XYZ ICRF CMP G04        0.0034        0.0071        0.0043
Orbit comparison: ITRF
 RMS-XYZ ITRF CMP G04        0.0055        0.0057        0.0043
  
  
  PRN: G05, SVN:  50, BLK TYP: GPS-IIR-M, BLKID:   7, TX PWR: 145, MASS: 1080.000
 Zo   58682.000000000000        0.0000000000000000        6291963.9870246695       -22508967.643442102        12684133.076460663        2837.6980376298147       -666.59843734131732       -2544.6922737550540       0.96678469253579369       -4.9916781485933957E-003  -5.4688515128489840E-003  -2.1053364627061227E-002  -3.1867506441426120E-003   4.0087198965213310E-002   9.0390945848211864E-004  -5.7066452597537261E-003  -1.4787718072166792E-002
 Orbit Propagation
 day of year        2019         199 G05  beta   21.197980941468465
 ECOM2 SRP MODEL IS ACTIVATED
Orbit residuals: ICRF
 RMS-XYZ ICRF FIT G05        0.0000        0.0000        0.0000
External Orbit comparison
Orbit comparison: ICRF
 RMS-RTN ICRF CMP G05        0.0161        0.0505        0.0305
 RMS-XYZ ICRF CMP G05        0.0315        0.0427        0.0304
Orbit comparison: ITRF
 RMS-XYZ ITRF CMP G05        0.0437        0.0301        0.0304
  
  
  PRN: G06, SVN:  67, BLK TYP: GPS-IIF, BLKID:   8, TX PWR: 240, MASS: 1633.000
 Zo   58682.000000000000        0.0000000000000000        8442553.0688647665       -15601446.090019802       -19737284.589896936        2096.4969982481894        2936.7721448559100       -1418.5741237820341        1.0612273509742909        1.8060130274152606E-003  -3.4044209723687094E-003  -6.8992159861804403E-002  -4.6689546568745863E-003   7.0209032082401313E-002   2.0022811514357414E-003   2.1501589186167146E-002  -4.2520172745638650E-003
 Orbit Propagation
 day of year        2019         199 G06  beta  -21.309091352351583
 ECOM2 SRP MODEL IS ACTIVATED
Orbit residuals: ICRF
 RMS-XYZ ICRF FIT G06        0.0000        0.0000        0.0000
External Orbit comparison
Orbit comparison: ICRF
 RMS-RTN ICRF CMP G06        0.0455        0.0520        0.0727
 RMS-XYZ ICRF CMP G06        0.0508        0.0595        0.0628
Orbit comparison: ITRF
 RMS-XYZ ITRF CMP G06        0.0430        0.0653        0.0629
  
  
  PRN: G07, SVN:  48, BLK TYP: GPS-IIR-M, BLKID:   7, TX PWR: 145, MASS: 1080.000
 Zo   58682.000000000000        0.0000000000000000        16923846.590082522        6147645.1674107062        19638202.613431573        218.82269112383685        3599.5572176576716       -1381.6276825719287       0.95112543857163223       -5.2445019112183988E-003  -7.8609871586547350E-003  -1.7305316756037518E-002   1.1633006266671899E-003   4.3031167980384040E-002  -1.1761223988697497E-002   2.7641223586857095E-003   6.1185492869577848E-003
 Orbit Propagation
 day of year        2019         199 G07  beta   49.145348441909547
 ECOM2 SRP MODEL IS ACTIVATED
Orbit residuals: ICRF
 RMS-XYZ ICRF FIT G07        0.0000        0.0000        0.0000
External Orbit comparison
Orbit comparison: ICRF
 RMS-RTN ICRF CMP G07        0.0300        0.0197        0.0425
 RMS-XYZ ICRF CMP G07        0.0265        0.0387        0.0299
Orbit comparison: ITRF
 RMS-XYZ ITRF CMP G07        0.0254        0.0395        0.0298
  
  
  PRN: G08, SVN:  72, BLK TYP: GPS-IIF, BLKID:   8, TX PWR: 240, MASS: 1633.000
 Zo   58682.000000000000        0.0000000000000000        13629935.474107878        14407944.363770543        17593455.212893624       -3281.4066736386230        796.19429155471391        1913.2567261438269        1.0516356281896730        1.3183235910701080E-004  -4.3885206127240520E-003  -3.2680256606881661E-002  -2.1919146706434961E-003   2.7703666934160601E-002  -8.7576525923183397E-003  -2.6088594488087227E-003   3.1160199582525496E-003
 Orbit Propagation
 day of year        2019         199 G08  beta  -31.978466873353444
 ECOM2 SRP MODEL IS ACTIVATED
Orbit residuals: ICRF
 RMS-XYZ ICRF FIT G08        0.0000        0.0000        0.0000
External Orbit comparison
Orbit comparison: ICRF
 RMS-RTN ICRF CMP G08        0.0254        0.0250        0.0439
 RMS-XYZ ICRF CMP G08        0.0202        0.0442        0.0288
Orbit comparison: ITRF
 RMS-XYZ ITRF CMP G08        0.0283        0.0395        0.0288
  
  
  PRN: G09, SVN:  68, BLK TYP: GPS-IIF, BLKID:   8, TX PWR: 240, MASS: 1633.000
 Zo   58682.000000000000        0.0000000000000000        26305868.012989227        3490106.2634055945        954326.86321743974       -178.88026797243680        2245.7266148703343       -3152.8563499832571        1.0507764862950462        2.6207144194773358E-003  -1.2658511510590253E-002   1.8428549257267810E-002  -8.7856483950519591E-004  -9.0087871434526273E-003  -1.4132442950657970E-003  -2.1036592230225706E-002   3.0389571795621066E-002
 Orbit Propagation
 day of year        2019         199 G09  beta   68.870868534333908
 ECOM2 SRP MODEL IS ACTIVATED
Orbit residuals: ICRF
 RMS-XYZ ICRF FIT G09        0.0000        0.0000        0.0000
External Orbit comparison
Orbit comparison: ICRF
 RMS-RTN ICRF CMP G09        0.0105        0.0196        0.0402
 RMS-XYZ ICRF CMP G09        0.0174        0.0317        0.0283
Orbit comparison: ITRF
 RMS-XYZ ITRF CMP G09        0.0218        0.0289        0.0283
  
  
  PRN: G10, SVN:  73, BLK TYP: GPS-IIF, BLKID:   8, TX PWR: 240, MASS: 1633.000
 Zo   58682.000000000000        0.0000000000000000       -20087327.119797036        15763718.754477046        7748874.7717035357       -709.16975689776507       -2359.5680037624479        2966.2132736774611        1.0448223782098258        2.7984498980452227E-004  -3.1814452628857941E-003   1.8029918014960435E-002  -5.2982647644602907E-003  -2.1564151297200310E-002   3.0259993458029988E-003  -2.7303580631596717E-002  -8.3970378909562441E-003
 Orbit Propagation
 day of year        2019         199 G10  beta   22.172944289734851
 ECOM2 SRP MODEL IS ACTIVATED
Orbit residuals: ICRF
 RMS-XYZ ICRF FIT G10        0.0000        0.0000        0.0000
External Orbit comparison
Orbit comparison: ICRF
 RMS-RTN ICRF CMP G10        0.0276        0.0376        0.0305
 RMS-XYZ ICRF CMP G10        0.0198        0.0406        0.0327
Orbit comparison: ITRF
 RMS-XYZ ITRF CMP G10        0.0266        0.0365        0.0327
  
  
  PRN: G11, SVN:  46, BLK TYP: GPS-IIR-A, BLKID:   5, TX PWR:  60, MASS: 1080.000
 Zo   58682.000000000000        0.0000000000000000        19459377.246547915        18291908.824925411       -656170.80009349843       -1606.4900937162154        1729.7255885331874        3043.3398669385815       0.99228709814926663        3.6959749024753196E-004  -1.1398804506222606E-002   2.4814100366905789E-002  -5.5924545003136362E-004  -9.6066941187026699E-003  -8.1828757767609412E-003  -3.9575863609174859E-002   2.9000266940598803E-003
 Orbit Propagation
 day of year        2019         199 G11  beta  -28.785564198061593
 ECOM2 SRP MODEL IS ACTIVATED
Orbit residuals: ICRF
 RMS-XYZ ICRF FIT G11        0.0000        0.0000        0.0000
External Orbit comparison
Orbit comparison: ICRF
 RMS-RTN ICRF CMP G11        0.0140        0.0426        0.0418
 RMS-XYZ ICRF CMP G11        0.0463        0.0293        0.0275
Orbit comparison: ITRF
 RMS-XYZ ITRF CMP G11        0.0452        0.0309        0.0275
  
  
  PRN: G12, SVN:  58, BLK TYP: GPS-IIR-M, BLKID:   7, TX PWR: 145, MASS: 1080.000
 Zo   58682.000000000000        0.0000000000000000       -8252989.0219495250       -12679901.263574684       -22029864.624535657        2848.3655351456723       -2555.1488802222707        423.61327794445015       0.98956784575403578       -3.4071802092857082E-003  -4.1391116710178064E-003  -5.4037323077661528E-002  -8.5221540265462241E-003   8.2674314165286381E-002   1.4290481014086139E-002  -1.9063463286105184E-002   3.6345149272196645E-003
 Orbit Propagation
 day of year        2019         199 G12  beta  -1.5420030421219049
 eclipsing satellite G12, reduced stepsize of          100  chosen
 ECOM2 SRP MODEL IS ACTIVATED
Orbit residuals: ICRF
 RMS-XYZ ICRF FIT G12        0.0000        0.0000        0.0000
External Orbit comparison
Orbit comparison: ICRF
 RMS-RTN ICRF CMP G12        0.0435        0.0689        0.0259
 RMS-XYZ ICRF CMP G12        0.0578        0.0479        0.0411
Orbit comparison: ITRF
 RMS-XYZ ITRF CMP G12        0.0510        0.0551        0.0411
  
  
  PRN: G13, SVN:  43, BLK TYP: GPS-IIR-A, BLKID:   5, TX PWR:  60, MASS: 1080.000
 Zo   58682.000000000000        0.0000000000000000       -2457045.3926598118       -15902687.028057963        21011736.417549632        3756.8098367538660        534.97420512086239        845.08080980435511       0.97912114393412508       -3.6231403830165008E-003   4.6436172177286694E-003   2.0623351944265067E-002  -1.0700988124229165E-003   5.9345584520869151E-003   2.5047847939122419E-003  -1.3241440282930415E-002   4.9286559488912508E-003
 Orbit Propagation
 day of year        2019         199 G13  beta   74.004370103723190
 ECOM2 SRP MODEL IS ACTIVATED
Orbit residuals: ICRF
 RMS-XYZ ICRF FIT G13        0.0000        0.0000        0.0000
External Orbit comparison
Orbit comparison: ICRF
 RMS-RTN ICRF CMP G13        0.0160        0.0712        0.0978
 RMS-XYZ ICRF CMP G13        0.0547        0.0686        0.0848
Orbit comparison: ITRF
 RMS-XYZ ITRF CMP G13        0.0571        0.0667        0.0848
  
  
  PRN: G14, SVN:  41, BLK TYP: GPS-IIR-A, BLKID:   5, TX PWR:  60, MASS: 1080.000
 Zo   58682.000000000000        0.0000000000000000       -13426909.332613565        10930870.046942275       -19865733.238119878       -3279.1028652408768       -1728.0434332990878        1227.1762604070004       0.97955912733668338       -3.6696926355330606E-003   5.4448998392431953E-003   2.2588161228728247E-002  -2.4474764159589752E-003   1.3058614900015008E-002   3.2629052300397463E-003   3.8552639418977606E-003  -2.6944981281442102E-002
 Orbit Propagation
 day of year        2019         199 G14  beta   72.358710463648634
 ECOM2 SRP MODEL IS ACTIVATED
Orbit residuals: ICRF
 RMS-XYZ ICRF FIT G14        0.0000        0.0000        0.0000
External Orbit comparison
Orbit comparison: ICRF
 RMS-RTN ICRF CMP G14        0.0163        0.0564        0.0897
 RMS-XYZ ICRF CMP G14        0.0486        0.0635        0.0715
Orbit comparison: ITRF
 RMS-XYZ ITRF CMP G14        0.0507        0.0619        0.0714
  
  
  PRN: G15, SVN:  55, BLK TYP: GPS-IIR-M, BLKID:   7, TX PWR: 145, MASS: 1080.000
 Zo   58682.000000000000        0.0000000000000000       -15071256.102416450       -13644281.208984964        16619451.343048442        3196.6357905478440       -1200.8917380576081        1921.3832398859281       0.96050263035322592       -5.5593934227751744E-003   6.3456075777690042E-005   2.0451835307280373E-002   2.4109078001618924E-004   1.8494726773278691E-002  -4.9222023605588801E-003  -2.0571658092518139E-002  -9.0247406729344840E-003
 Orbit Propagation
 day of year        2019         199 G15  beta   64.990848968144221
 ECOM2 SRP MODEL IS ACTIVATED
Orbit residuals: ICRF
 RMS-XYZ ICRF FIT G15        0.0000        0.0000        0.0000
External Orbit comparison
Orbit comparison: ICRF
 RMS-RTN ICRF CMP G15        0.0260        0.0898        0.0639
 RMS-XYZ ICRF CMP G15        0.0760        0.0685        0.0485
Orbit comparison: ITRF
 RMS-XYZ ITRF CMP G15        0.0482        0.0902        0.0485
  
  
  PRN: G16, SVN:  56, BLK TYP: GPS-IIR-A, BLKID:   5, TX PWR:  60, MASS: 1080.000
 Zo   58682.000000000000        0.0000000000000000       -9208086.0879552756        21435561.782125354        12902727.953568093       -2834.6250647695738        389.70783242209586       -2590.0240356252161        1.0022414418222527        1.0111495544189593E-003  -5.2441590209882935E-003  -8.2914119544689868E-003  -8.5092555932606978E-003   4.5155416310207086E-002   1.3890779213262266E-002   6.3654905782115599E-003  -6.3888360036332072E-004
 Orbit Propagation
 day of year        2019         199 G16  beta  -2.3520624376152459
 eclipsing satellite G16, reduced stepsize of          100  chosen
 ECOM2 SRP MODEL IS ACTIVATED
Orbit residuals: ICRF
 RMS-XYZ ICRF FIT G16        0.0000        0.0000        0.0000
External Orbit comparison
Orbit comparison: ICRF
 RMS-RTN ICRF CMP G16        0.0311        0.0644        0.0218
 RMS-XYZ ICRF CMP G16        0.0541        0.0362        0.0368
Orbit comparison: ITRF
 RMS-XYZ ITRF CMP G16        0.0427        0.0490        0.0369
  
  
  PRN: G17, SVN:  53, BLK TYP: GPS-IIR-M, BLKID:   7, TX PWR: 145, MASS: 1080.000
 Zo   58682.000000000000        0.0000000000000000        20245853.276362590       -6032077.1858739778       -15748216.397724902        2418.3557661608020        2091.5687898164483        2241.6882560613644       0.97115752337685524       -5.8775779897329980E-003  -7.6989961016720818E-003  -6.4773762396960776E-004  -2.8996028300288077E-003   3.0095345787089584E-002  -3.2806762274598705E-003  -2.2746614603119476E-002  -2.6267519446262697E-003
 Orbit Propagation
 day of year        2019         199 G17  beta  -33.710338008802907
 ECOM2 SRP MODEL IS ACTIVATED
Orbit residuals: ICRF
 RMS-XYZ ICRF FIT G17        0.0000        0.0000        0.0000
External Orbit comparison
Orbit comparison: ICRF
 RMS-RTN ICRF CMP G17        0.0182        0.0841        0.0360
 RMS-XYZ ICRF CMP G17        0.0545        0.0647        0.0392
Orbit comparison: ITRF
 RMS-XYZ ITRF CMP G17        0.0587        0.0609        0.0392
  
  
  PRN: G18, SVN:  34, BLK TYP: GPS-IIA, BLKID:   3, TX PWR:  50, MASS:  930.000
 Zo   58682.000000000000        0.0000000000000000        11244747.919437854        23968039.229932539       -1462270.3381437038       -1978.7040042861479        1054.9325485977959        3167.2392122906344       0.99378759245451642        7.6309633663686439E-003  -5.7563359015200925E-003  -2.4163844475049753E-002  -1.5314300803729194E-002   3.4835945266961335E-002   1.3735571748805849E-002   1.3995245227238462E-002  -1.8700809067034693E-002
 Orbit Propagation
 day of year        2019         199 G18  beta  -21.911794845765233
 ECOM2 SRP MODEL IS ACTIVATED
Orbit residuals: ICRF
 RMS-XYZ ICRF FIT G18        0.0000        0.0000        0.0000
External Orbit comparison
Orbit comparison: ICRF
 RMS-RTN ICRF CMP G18        0.0325        0.0418        0.0252
 RMS-XYZ ICRF CMP G18        0.0283        0.0427        0.0284
Orbit comparison: ITRF
 RMS-XYZ ITRF CMP G18        0.0436        0.0269        0.0284
  
  
  PRN: G19, SVN:  59, BLK TYP: GPS-IIR-B, BLKID:   6, TX PWR:  60, MASS: 1080.000
 Zo   58682.000000000000        0.0000000000000000        14576480.316581868       -9877505.3333949484       -20172584.242535725        3093.6931943502359        1821.5051249264025        1369.5527062702324       0.99373177614844566       -4.0831649489978319E-003  -6.0279367225175261E-003   2.1164738015858012E-002  -3.8505126328247934E-003   1.1161538531933499E-002  -1.0374736641900546E-003  -1.5978181698570765E-002  -1.4302118518848623E-002
 Orbit Propagation
 day of year        2019         199 G19  beta  -34.127549490284757
 ECOM2 SRP MODEL IS ACTIVATED
Orbit residuals: ICRF
 RMS-XYZ ICRF FIT G19        0.0000        0.0000        0.0000
External Orbit comparison
Orbit comparison: ICRF
 RMS-RTN ICRF CMP G19        0.0134        0.0379        0.0428
 RMS-XYZ ICRF CMP G19        0.0232        0.0442        0.0308
Orbit comparison: ITRF
 RMS-XYZ ITRF CMP G19        0.0310        0.0392        0.0308
  
  
  PRN: G20, SVN:  51, BLK TYP: GPS-IIR-A, BLKID:   5, TX PWR:  60, MASS: 1080.000
 Zo   58682.000000000000        0.0000000000000000       -19548585.671099372        9022568.4794516750        15553981.524491280        218.87607857033404       -3234.3728325669395        2120.8180959408337       0.98019807775871737       -8.8169886190535961E-003   4.2568732551441675E-004   5.4119204933434403E-002  -1.4640581887603800E-003  -3.0038979610420076E-002  -3.6825204707187048E-003  -3.3211499153313805E-002  -1.4738173768303543E-002
 Orbit Propagation
 day of year        2019         199 G20  beta   17.108459094395855
 ECOM2 SRP MODEL IS ACTIVATED
Orbit residuals: ICRF
 RMS-XYZ ICRF FIT G20        0.0000        0.0000        0.0000
External Orbit comparison
Orbit comparison: ICRF
 RMS-RTN ICRF CMP G20        0.0531        0.0460        0.0560
 RMS-XYZ ICRF CMP G20        0.0329        0.0567        0.0615
Orbit comparison: ITRF
 RMS-XYZ ITRF CMP G20        0.0511        0.0410        0.0615
  
  
  PRN: G21, SVN:  45, BLK TYP: GPS-IIR-A, BLKID:   5, TX PWR:  60, MASS: 1080.000
 Zo   58682.000000000000        0.0000000000000000       -16723812.390184715       -67983.641485457294        21460452.416311394       -953.83346194745786       -3576.8618060180347       -767.59771775345746       0.98607096470337807       -1.8394252971131767E-003  -4.4432079177232353E-003  -4.6829825682860784E-003  -4.0545361526361139E-004   2.4540577209540924E-002  -8.8136372479336155E-003  -3.1728062557818404E-002  -4.2646735406437375E-002
 Orbit Propagation
 day of year        2019         199 G21  beta  -21.949571250615080
 ECOM2 SRP MODEL IS ACTIVATED
Orbit residuals: ICRF
 RMS-XYZ ICRF FIT G21        0.0000        0.0000        0.0000
External Orbit comparison
Orbit comparison: ICRF
 RMS-RTN ICRF CMP G21        0.0143        0.0510        0.0324
 RMS-XYZ ICRF CMP G21        0.0367        0.0413        0.0283
Orbit comparison: ITRF
 RMS-XYZ ITRF CMP G21        0.0459        0.0308        0.0283
  
  
  PRN: G22, SVN:  47, BLK TYP: GPS-IIR-B, BLKID:   6, TX PWR:  60, MASS: 1080.000
 Zo   58682.000000000000        0.0000000000000000        6040917.9451268017        16625303.363664273       -19562533.111629382       -2821.0330949931654        2421.5627496934922        1181.9663193784161       0.98788349705798739       -5.9427644204909716E-003  -7.7128458675740927E-003  -6.2700425447036346E-003  -1.9971969292689900E-003   2.4540120816620166E-002  -5.4141401819289298E-004  -3.0252130581256365E-002  -2.1568716360578853E-002
 Orbit Propagation
 day of year        2019         199 G22  beta   19.317553439714928
 ECOM2 SRP MODEL IS ACTIVATED
Orbit residuals: ICRF
 RMS-XYZ ICRF FIT G22        0.0000        0.0000        0.0000
External Orbit comparison
Orbit comparison: ICRF
 RMS-RTN ICRF CMP G22        0.0115        0.0411        0.0188
 RMS-XYZ ICRF CMP G22        0.0298        0.0268        0.0238
Orbit comparison: ITRF
 RMS-XYZ ITRF CMP G22        0.0184        0.0357        0.0238
  
  
  PRN: G23, SVN:  60, BLK TYP: GPS-IIR-B, BLKID:   6, TX PWR:  60, MASS: 1080.000
 Zo   58682.000000000000        0.0000000000000000        20962735.408528149        11290034.570869885       -10997866.932555817       -2322.5743400134893        1633.2881724220867       -2706.7784361129102       0.97240603988326857       -1.1740889653559421E-003   5.4783511447067841E-003   1.7354901323692886E-003  -1.3458888130260039E-003   1.2626531932408935E-002   4.5195744586574473E-004  -1.7313307152752446E-002   5.5626825367150554E-003
 Orbit Propagation
 day of year        2019         199 G23  beta   68.339021653251422
 ECOM2 SRP MODEL IS ACTIVATED
Orbit residuals: ICRF
 RMS-XYZ ICRF FIT G23        0.0000        0.0000        0.0000
External Orbit comparison
Orbit comparison: ICRF
 RMS-RTN ICRF CMP G23        0.0081        0.0197        0.0424
 RMS-XYZ ICRF CMP G23        0.0137        0.0328        0.0315
Orbit comparison: ITRF
 RMS-XYZ ITRF CMP G23        0.0260        0.0242        0.0315
  
  
  PRN: G24, SVN:  65, BLK TYP: GPS-IIF, BLKID:   8, TX PWR: 240, MASS: 1633.000
 Zo   58682.000000000000        0.0000000000000000       -14280750.984726207       -21254672.041226111       -6518302.8583740955        1566.7492369991905       -1938.2213113595451        2992.1007149208872        1.0727590151727677        1.6768589275969366E-003  -6.7807380730200689E-003   5.6384060846437128E-002  -2.9194531798991180E-003  -3.2140679031436438E-003   3.1095864605247599E-003  -3.0544712678013913E-003  -1.2622051846539431E-002
 Orbit Propagation
 day of year        2019         199 G24  beta   52.032371458376559
 ECOM2 SRP MODEL IS ACTIVATED
Orbit residuals: ICRF
 RMS-XYZ ICRF FIT G24        0.0000        0.0000        0.0000
External Orbit comparison
Orbit comparison: ICRF
 RMS-RTN ICRF CMP G24        0.0329        0.0451        0.1226
 RMS-XYZ ICRF CMP G24        0.0790        0.0788        0.0755
Orbit comparison: ITRF
 RMS-XYZ ITRF CMP G24        0.0658        0.0902        0.0754
  
  
  PRN: G25, SVN:  62, BLK TYP: GPS-IIF, BLKID:   8, TX PWR: 240, MASS: 1633.000
 Zo   58682.000000000000        0.0000000000000000       -17681426.377314113       -467833.63055796950       -20102994.545905195        1575.7322407995891       -3254.5773811085733       -1299.6679728364179        1.0551498471043756        6.1016110016923393E-004  -2.5687677911300283E-003  -1.9609459143214023E-002  -1.2835320295375086E-002  -4.5211269490688776E-003   3.0773248679418792E-002  -3.1530972333423841E-002   2.3428019363571397E-002
 Orbit Propagation
 day of year        2019         199 G25  beta   1.5449973033710445
 eclipsing satellite G25, reduced stepsize of          100  chosen
 ECOM2 SRP MODEL IS ACTIVATED
Orbit residuals: ICRF
 RMS-XYZ ICRF FIT G25        0.0000        0.0000        0.0000
External Orbit comparison
Orbit comparison: ICRF
 RMS-RTN ICRF CMP G25        0.0266        0.0341        0.0109
 RMS-XYZ ICRF CMP G25        0.0285        0.0289        0.0186
Orbit comparison: ITRF
 RMS-XYZ ITRF CMP G25        0.0310        0.0262        0.0186
  
  
  PRN: G26, SVN:  71, BLK TYP: GPS-IIF, BLKID:   8, TX PWR: 240, MASS: 1633.000
 Zo   58682.000000000000        0.0000000000000000       -14680219.790725885        22034405.836838141        3080611.4359574988       -2084.5219697509010       -949.21254399985366       -3107.2172651832652        1.0483666449175157        2.2517019366127974E-004  -3.4020065793808904E-003   1.8012516087764538E-002  -1.0503810453351436E-003  -2.1681296198206572E-002  -1.4158522807717190E-002  -4.4119685272822430E-002  -9.9728420711590882E-003
 Orbit Propagation
 day of year        2019         199 G26  beta   3.2486415410034297
 eclipsing satellite G26, reduced stepsize of          100  chosen
 ECOM2 SRP MODEL IS ACTIVATED
Orbit residuals: ICRF
 RMS-XYZ ICRF FIT G26        0.0000        0.0000        0.0000
External Orbit comparison
Orbit comparison: ICRF
 RMS-RTN ICRF CMP G26        0.0428        0.0724        0.0183
 RMS-XYZ ICRF CMP G26        0.0541        0.0445        0.0501
Orbit comparison: ITRF
 RMS-XYZ ITRF CMP G26        0.0389        0.0582        0.0501
  
  
  PRN: G27, SVN:  66, BLK TYP: GPS-IIF, BLKID:   8, TX PWR: 240, MASS: 1633.000
 Zo   58682.000000000000        0.0000000000000000       -712751.98229746544        14825044.368842611        21898071.517329093       -3848.9841665446802       -503.03494931005105        243.17161338684323        1.0523293851989703        2.3362660976039202E-003  -4.4898484603163860E-003  -2.9262068636306017E-002  -1.6961915913806809E-003   3.6753244997594567E-002  -7.9252729873490989E-003   2.3340430406892450E-003  -1.8416184727829476E-002
 Orbit Propagation
 day of year        2019         199 G27  beta  -32.609557542816795
 ECOM2 SRP MODEL IS ACTIVATED
Orbit residuals: ICRF
 RMS-XYZ ICRF FIT G27        0.0000        0.0000        0.0000
External Orbit comparison
Orbit comparison: ICRF
 RMS-RTN ICRF CMP G27        0.0253        0.0547        0.0439
 RMS-XYZ ICRF CMP G27        0.0457        0.0476        0.0349
Orbit comparison: ITRF
 RMS-XYZ ITRF CMP G27        0.0359        0.0553        0.0348
  
  
  PRN: G28, SVN:  44, BLK TYP: GPS-IIR-A, BLKID:   5, TX PWR:  60, MASS: 1080.000
 Zo   58682.000000000000        0.0000000000000000        21477928.885631427       -13474069.207396435        8339483.3406182239        430.28593084142858        2395.8622292531263        2989.3410083349336       0.97790968641641207       -2.0983581628219814E-003  -2.3359582242166001E-003   2.1254604122608590E-002  -2.5648885533893690E-003  -6.8639102603851310E-003  -5.2491254411508479E-003  -4.7470256995149694E-002  -3.6825132400365272E-003
 Orbit Propagation
 day of year        2019         199 G28  beta  -2.4924051897247215
 eclipsing satellite G28, reduced stepsize of          100  chosen
 ECOM2 SRP MODEL IS ACTIVATED
Orbit residuals: ICRF
 RMS-XYZ ICRF FIT G28        0.0000        0.0000        0.0000
External Orbit comparison
Orbit comparison: ICRF
 RMS-RTN ICRF CMP G28        0.0194        0.0356        0.0144
 RMS-XYZ ICRF CMP G28        0.0193        0.0245        0.0296
Orbit comparison: ITRF
 RMS-XYZ ITRF CMP G28        0.0260        0.0172        0.0296
  
  
  PRN: G29, SVN:  57, BLK TYP: GPS-IIR-M, BLKID:   7, TX PWR: 145, MASS: 1080.000
 Zo   58682.000000000000        0.0000000000000000       -25319389.571662445       -7697583.5806878684       -2210417.0580579545        876.85994817926030       -1977.0625993530405       -3214.9568591201232       0.96690462296424362       -5.5387138657135458E-003  -5.2596352907673914E-003   6.2874815834349923E-002  -3.0972510353546008E-003  -2.1368606453740936E-002   2.3035819780075233E-003  -5.4659177484138392E-002   2.2523105293527693E-004
 Orbit Propagation
 day of year        2019         199 G29  beta  -33.936509312216593
 ECOM2 SRP MODEL IS ACTIVATED
Orbit residuals: ICRF
 RMS-XYZ ICRF FIT G29        0.0000        0.0000        0.0000
External Orbit comparison
Orbit comparison: ICRF
 RMS-RTN ICRF CMP G29        0.0398        0.0526        0.0949
 RMS-XYZ ICRF CMP G29        0.0562        0.0784        0.0636
Orbit comparison: ITRF
 RMS-XYZ ITRF CMP G29        0.0409        0.0874        0.0637
  
  
  PRN: G30, SVN:  64, BLK TYP: GPS-IIF, BLKID:   8, TX PWR: 240, MASS: 1633.000
 Zo   58682.000000000000        0.0000000000000000        14570461.658603853       -5960769.9917256217        21427832.710650209        1268.7501189340899        3653.3337144253273        134.22755670174894        1.0523109785801477        4.1532001866208615E-004  -8.9095880092561631E-003  -1.7909730756152792E-002  -1.3359483164970725E-003   2.4060691321165791E-002  -6.4284473598409195E-003   2.0747333331128246E-002  -2.1916583149173385E-002
 Orbit Propagation
 day of year        2019         199 G30  beta   47.767947051231438
 ECOM2 SRP MODEL IS ACTIVATED
Orbit residuals: ICRF
 RMS-XYZ ICRF FIT G30        0.0000        0.0000        0.0000
External Orbit comparison
Orbit comparison: ICRF
 RMS-RTN ICRF CMP G30        0.0340        0.0700        0.0532
 RMS-XYZ ICRF CMP G30        0.0467        0.0646        0.0504
Orbit comparison: ITRF
 RMS-XYZ ITRF CMP G30        0.0691        0.0397        0.0504
  
  
  PRN: G31, SVN:  52, BLK TYP: GPS-IIR-M, BLKID:   7, TX PWR: 145, MASS: 1080.000
 Zo   58682.000000000000        0.0000000000000000       -7932107.7785767671        17468241.632172588       -18555434.530726891       -2136.1530586366416       -2758.2880191595991       -1639.9964844062310       0.96635982156855860       -6.5090750160525313E-003  -1.5343157770103418E-002   2.0332360024999462E-002  -2.3491653693019057E-003   3.0249517035549379E-002   6.1831798991235885E-004  -9.2257041247739233E-003  -2.4784608386827139E-002
 Orbit Propagation
 day of year        2019         199 G31  beta   48.520267853829850
 ECOM2 SRP MODEL IS ACTIVATED
Orbit residuals: ICRF
 RMS-XYZ ICRF FIT G31        0.0000        0.0000        0.0000
External Orbit comparison
Orbit comparison: ICRF
 RMS-RTN ICRF CMP G31        0.0253        0.0894        0.0496
 RMS-XYZ ICRF CMP G31        0.0484        0.0691        0.0629
Orbit comparison: ITRF
 RMS-XYZ ITRF CMP G31        0.0720        0.0440        0.0629
  
  
  PRN: G32, SVN:  70, BLK TYP: GPS-IIF, BLKID:   8, TX PWR: 240, MASS: 1633.000
 Zo   58682.000000000000        0.0000000000000000       -19943138.431307413        7906843.6651068218       -15671854.004800146       -2515.0745526186461       -1978.5793768925087        2181.2904615586049        1.0613729710628483        1.5171067689485863E-003  -1.5964827328208236E-002   2.9985505249224661E-002  -2.6790598338041543E-003   1.2471015510528611E-003   3.9439977064804378E-004   1.4772685341721907E-002  -2.1007821389618909E-002
 Orbit Propagation
 day of year        2019         199 G32  beta   69.273596201386979
 ECOM2 SRP MODEL IS ACTIVATED
Orbit residuals: ICRF
 RMS-XYZ ICRF FIT G32        0.0000        0.0000        0.0000
External Orbit comparison
Orbit comparison: ICRF
 RMS-RTN ICRF CMP G32        0.0174        0.0341        0.0652
 RMS-XYZ ICRF CMP G32        0.0201        0.0461        0.0565
Orbit comparison: ITRF
 RMS-XYZ ITRF CMP G32        0.0308        0.0398        0.0564
  
  
 CPU Time (sec)   80.216682999999989     
